[2025-04-11 06:14:29] [ERROR] Error al obtener vehículos - Table 'areitodb.tipos_vehiculos' doesn't exist
[2025-04-11 06:14:50] [ERROR] Error al obtener vehículos - Table 'areitodb.tipos_vehiculos' doesn't exist
[2025-04-11 06:15:22] [ERROR] Error al obtener vehículos - Table 'areitodb.tipos_vehiculos' doesn't exist
[2025-04-11 06:15:55] [ERROR] Error al obtener vehículos - Table 'areitodb.tipos_vehiculos' doesn't exist
[2025-04-11 06:17:26] [ERROR] Error al obtener vehículos - Table 'areitodb.tipos_vehiculos' doesn't exist
[2025-04-11 06:21:42] [INFO] Vehículos obtenidos exitosamente - Total: 4
[2025-04-11 06:21:55] [INFO] Vehículos obtenidos exitosamente - Total: 4
[2025-04-11 06:24:27] [INFO] Vehículos obtenidos exitosamente - Total: 4
[2025-04-11 06:25:16] [INFO] Vehículos obtenidos exitosamente - Total: 4
[2025-04-11 06:28:22] [INFO] Vehículos obtenidos exitosamente - Total: 4
[2025-04-11 06:29:29] [INFO] Intento de registro - [object Object]
[2025-04-11 06:29:29] [ERROR] Error en registro - [object Object]
[2025-04-11 06:30:28] [INFO] Vehículos obtenidos exitosamente - Total: 4
[2025-04-11 06:30:30] [INFO] Vehículos obtenidos exitosamente - Total: 4
[2025-04-11 06:30:41] [INFO] Vehículos obtenidos exitosamente - Total: 4
[2025-04-11 06:30:42] [INFO] Vehículos obtenidos exitosamente - Total: 4
[2025-04-11 06:38:34] [INFO] Vehículos obtenidos exitosamente - Total: 4
[2025-04-11 06:38:41] [INFO] Vehículos obtenidos exitosamente - Total: 4
[2025-04-11 06:39:15] [INFO] Vehículos obtenidos exitosamente - Total: 4
[2025-04-11 06:41:04] [INFO] Vehículos obtenidos exitosamente - Total: 4
[2025-04-11 06:47:28] [INFO] Vehículos obtenidos exitosamente - Total: 4
[2025-04-11 06:49:23] [INFO] Intento de login - [object Object]
[2025-04-11 06:49:23] [INFO] Búsqueda de usuario - [object Object]
[2025-04-11 06:49:23] [INFO] Verificación de contraseña - [object Object]
[2025-04-11 06:49:23] [INFO] Login exitoso - [object Object]
[2025-04-11 06:50:33] [INFO] Intento de login - [object Object]
[2025-04-11 06:50:33] [INFO] Búsqueda de usuario - [object Object]
[2025-04-11 06:50:33] [INFO] Verificación de contraseña - [object Object]
[2025-04-11 06:50:33] [INFO] Login exitoso - [object Object]
[2025-04-11 06:51:18] [INFO] Vehículos obtenidos exitosamente - Total: 4
[2025-04-11 06:51:47] [INFO] Vehículos obtenidos exitosamente - Total: 4
[2025-04-11 06:51:47] [INFO] Vehículos obtenidos exitosamente - Total: 4
[2025-04-11 06:52:09] [INFO] Intento de login - [object Object]
[2025-04-11 06:52:09] [INFO] Búsqueda de usuario - [object Object]
[2025-04-11 06:52:09] [INFO] Verificación de contraseña - [object Object]
[2025-04-11 06:52:09] [INFO] Login exitoso - [object Object]
[2025-04-11 06:53:43] [INFO] Sesión cerrada exitosamente 
[2025-04-11 06:53:47] [INFO] Vehículos obtenidos exitosamente - Total: 4
[2025-04-11 06:54:02] [INFO] Vehículos obtenidos exitosamente - Total: 4
[2025-04-11 11:55:28] [INFO] Vehículos obtenidos exitosamente - Total: 4
[2025-04-11 12:01:45] [INFO] Vehículos obtenidos exitosamente - Total: 4
[2025-04-11 12:01:49] [INFO] Intento de login - [object Object]
[2025-04-11 12:01:49] [INFO] Búsqueda de usuario - [object Object]
[2025-04-11 12:01:49] [INFO] Verificación de contraseña - [object Object]
[2025-04-11 12:01:49] [INFO] Login exitoso - [object Object]
[2025-04-11 12:01:50] [ERROR] Error al obtener estadísticas del dashboard: - Error: Table 'areitodb.reservas' doesn't exist
[2025-04-11 12:02:06] [ERROR] Error al obtener estadísticas del dashboard: - Error: Table 'areitodb.reservas' doesn't exist
[2025-04-11 12:03:28] [INFO] Obteniendo estadísticas del dashboard 
[2025-04-11 12:03:28] [DEBUG] Consultando total de vehículos 
[2025-04-11 12:03:28] [DEBUG] Total de vehículos: - [object Object]
[2025-04-11 12:03:28] [DEBUG] Consultando vehículos disponibles 
[2025-04-11 12:03:28] [ERROR] Error al obtener estadísticas del dashboard: - Error: Table 'areitodb.reservas' doesn't exist
[2025-04-11 12:03:28] [ERROR] Stack trace: - Error: Table 'areitodb.reservas' doesn't exist
    at PromisePool.query (C:\Users\ratib\OneDrive\Universidad\Ing. De Software\2025\ISO-610\AreitoRides\node_modules\mysql2\lib\promise\pool.js:36:22)
    at getEstadisticas (C:\Users\ratib\OneDrive\Universidad\Ing. De Software\2025\ISO-610\AreitoRides\src\api\controllers\dashboardController.js:16:53)
    at process.processTicksAndRejections (node:internal/process/task_queues:95:5)
[2025-04-11 12:07:17] [INFO] Obteniendo estadísticas del dashboard 
[2025-04-11 12:07:17] [DEBUG] Consultando total de vehículos 
[2025-04-11 12:07:17] [DEBUG] Total de vehículos: - [object Object]
[2025-04-11 12:07:17] [DEBUG] Consultando vehículos disponibles 
[2025-04-11 12:07:17] [DEBUG] Vehículos disponibles: - [object Object]
[2025-04-11 12:07:17] [DEBUG] Consultando total de empleados 
[2025-04-11 12:07:17] [DEBUG] Total de empleados: - [object Object]
[2025-04-11 12:07:17] [DEBUG] Consultando reservas activas 
[2025-04-11 12:07:17] [DEBUG] Reservas activas: - [object Object]
[2025-04-11 12:07:17] [DEBUG] Consultando reservas por mes 
[2025-04-11 12:07:17] [DEBUG] Reservas por mes: - 
[2025-04-11 12:07:17] [DEBUG] Consultando vehículos por tipo 
[2025-04-11 12:07:17] [ERROR] Error al obtener estadísticas del dashboard: - Error: Unknown column 'tv.nombre' in 'field list'
[2025-04-11 12:07:17] [ERROR] Stack trace: - Error: Unknown column 'tv.nombre' in 'field list'
    at PromisePool.query (C:\Users\ratib\OneDrive\Universidad\Ing. De Software\2025\ISO-610\AreitoRides\node_modules\mysql2\lib\promise\pool.js:36:22)
    at getEstadisticas (C:\Users\ratib\OneDrive\Universidad\Ing. De Software\2025\ISO-610\AreitoRides\src\api\controllers\dashboardController.js:56:49)
    at process.processTicksAndRejections (node:internal/process/task_queues:95:5)
[2025-04-11 12:09:25] [INFO] Obteniendo estadísticas del dashboard 
[2025-04-11 12:09:25] [DEBUG] Consultando total de vehículos 
[2025-04-11 12:09:25] [DEBUG] Total de vehículos: - [object Object]
[2025-04-11 12:09:25] [DEBUG] Consultando vehículos disponibles 
[2025-04-11 12:09:25] [DEBUG] Vehículos disponibles: - [object Object]
[2025-04-11 12:09:25] [DEBUG] Consultando total de empleados 
[2025-04-11 12:09:25] [DEBUG] Total de empleados: - [object Object]
[2025-04-11 12:09:25] [DEBUG] Consultando reservas activas 
[2025-04-11 12:09:25] [DEBUG] Reservas activas: - [object Object]
[2025-04-11 12:09:25] [DEBUG] Consultando reservas por mes 
[2025-04-11 12:09:25] [DEBUG] Reservas por mes: - 
[2025-04-11 12:09:25] [DEBUG] Consultando vehículos por tipo 
[2025-04-11 12:09:25] [WARN] Error al consultar vehículos por tipo: - Unknown column 'tv.nombre' in 'field list'
[2025-04-11 12:09:25] [DEBUG] Vehículos por tipo: - 
[2025-04-11 12:09:25] [INFO] Estadísticas obtenidas exitosamente 
[2025-04-11 12:12:10] [INFO] Sesión cerrada exitosamente 
[2025-04-11 12:12:26] [INFO] Vehículos obtenidos exitosamente - Total: 4
[2025-04-11 12:23:44] [INFO] Vehículos obtenidos exitosamente - Total: 4
[2025-04-11 12:24:27] [INFO] Vehículos obtenidos exitosamente - Total: 4
[2025-04-11 12:33:00] [INFO] Vehículos obtenidos exitosamente - Total: 4
[2025-04-11 12:34:31] [INFO] Vehículos obtenidos exitosamente - Total: 4
[2025-04-11 12:34:52] [INFO] Vehículos obtenidos exitosamente - Total: 4
[2025-04-11 12:36:14] [INFO] Vehículos obtenidos exitosamente - Total: 4
[2025-04-11 12:38:35] [INFO] Vehículos obtenidos exitosamente - Total: 4
[2025-04-11 12:40:02] [INFO] Vehículos obtenidos exitosamente - Total: 4
[2025-04-11 12:41:14] [INFO] Vehículos obtenidos exitosamente - Total: 4
[2025-04-11 12:43:14] [INFO] Vehículo obtenido exitosamente - ID: 1
[2025-04-11 12:44:19] [INFO] Vehículos obtenidos exitosamente - Total: 4
[2025-04-11 12:45:33] [INFO] Vehículo obtenido exitosamente - ID: 1
[2025-04-11 12:47:23] [INFO] Vehículos obtenidos exitosamente - Total: 4
[2025-04-11 12:48:16] [INFO] Vehículos obtenidos exitosamente - Total: 4
[2025-04-11 12:48:30] [INFO] Vehículos obtenidos exitosamente - Total: 4
[2025-04-11 13:15:56] [INFO] Vehículos obtenidos exitosamente - Total: 4
[2025-04-11 13:18:29] [INFO] Vehículos obtenidos exitosamente - Total: 4
[2025-04-11 13:18:43] [INFO] Vehículos obtenidos exitosamente - Total: 4
[2025-04-11 13:18:55] [INFO] Vehículos obtenidos exitosamente - Total: 4
[2025-04-11 13:19:02] [INFO] Vehículo obtenido exitosamente - ID: 1
[2025-04-11 13:20:12] [INFO] Vehículo obtenido exitosamente - ID: 1
[2025-04-11 13:20:28] [INFO] Vehículo obtenido exitosamente - ID: 1
[2025-04-11 13:20:38] [INFO] Vehículos obtenidos exitosamente - Total: 4
[2025-04-11 13:20:51] [INFO] Vehículos obtenidos exitosamente - Total: 4
[2025-04-11 13:21:33] [INFO] Vehículos obtenidos exitosamente - Total: 4
[2025-04-11 13:22:39] [INFO] Vehículo obtenido exitosamente - ID: 1
[2025-04-11 13:24:16] [INFO] Vehículos obtenidos exitosamente - Total: 4
[2025-04-11 13:24:22] [INFO] Vehículo obtenido exitosamente - ID: 1
[2025-04-11 13:25:09] [INFO] Vehículos obtenidos exitosamente - Total: 4
[2025-04-11 13:25:16] [INFO] Vehículo obtenido exitosamente - ID: 2
[2025-04-11 13:28:24] [INFO] Vehículos obtenidos exitosamente - Total: 4
[2025-04-11 13:28:30] [INFO] Vehículo obtenido exitosamente - ID: 1
[2025-04-11 13:29:25] [INFO] Vehículos obtenidos exitosamente - Total: 4
[2025-04-11 13:29:45] [INFO] Vehículo obtenido exitosamente - ID: 1
[2025-04-11 13:30:37] [INFO] Vehículos obtenidos exitosamente - Total: 4
[2025-04-11 13:30:58] [INFO] Vehículo obtenido exitosamente - ID: 1
[2025-04-11 13:32:43] [INFO] Vehículos obtenidos exitosamente - Total: 4
[2025-04-11 13:32:48] [INFO] Vehículo obtenido exitosamente - ID: 1
[2025-04-11 13:32:59] [INFO] Vehículo obtenido exitosamente - ID: 1
[2025-04-11 13:43:14] [ERROR] Error al obtener vehículos - Table 'areitodb.tipovehiculo' doesn't exist
[2025-04-11 13:43:31] [ERROR] Error al obtener vehículos - Table 'areitodb.tipovehiculo' doesn't exist
[2025-04-11 13:47:00] [INFO] Vehículos obtenidos exitosamente - Total: 15
[2025-04-11 13:48:28] [INFO] Vehículos obtenidos exitosamente - Total: 15
[2025-04-11 13:50:08] [INFO] Vehículos obtenidos exitosamente - Total: 15
[2025-04-11 13:53:33] [INFO] Vehículos obtenidos exitosamente - Total: 15
[2025-04-11 13:54:57] [INFO] Vehículos obtenidos exitosamente - Total: 15
[2025-04-11 13:56:09] [INFO] Vehículos obtenidos exitosamente - Total: 15
[2025-04-11 13:56:53] [INFO] Vehículos obtenidos exitosamente - Total: 15
[2025-04-11 13:57:11] [INFO] Vehículos obtenidos exitosamente - Total: 15
[2025-04-11 13:59:51] [INFO] Vehículos obtenidos exitosamente - Total: 15
[2025-04-11 14:00:07] [INFO] Vehículo obtenido exitosamente - ID: 1
[2025-04-11 14:01:25] [ERROR] Error al obtener vehículos - Unknown column 'v.anio' in 'field list'
[2025-04-11 14:03:42] [INFO] Vehículos obtenidos exitosamente - Total: 15
[2025-04-11 14:05:30] [INFO] Vehículo obtenido exitosamente - ID: 1
[2025-04-11 14:12:25] [INFO] Vehículos obtenidos exitosamente - Total: 15
[2025-04-11 15:24:54] [INFO] Vehículos obtenidos exitosamente - Total: 15
[2025-04-11 15:27:19] [INFO] Vehículos obtenidos exitosamente - Total: 15
[2025-04-11 15:34:53] [ERROR] Error al obtener vehículos - Unknown column 'v.anio' in 'field list'
[2025-04-11 15:34:57] [ERROR] Error al obtener vehículos - Unknown column 'v.anio' in 'field list'
[2025-04-11 15:36:42] [INFO] Vehículos obtenidos exitosamente - Total: 25
[2025-04-11 15:39:53] [INFO] Vehículos obtenidos exitosamente - Total: 25
[2025-04-11 15:40:42] [INFO] Vehículos obtenidos exitosamente - Total: 25
[2025-04-11 15:42:49] [INFO] Vehículos obtenidos exitosamente - Total: 25
[2025-04-11 15:43:39] [INFO] Vehículos obtenidos exitosamente - Total: 25
[2025-04-11 15:44:43] [INFO] Vehículos obtenidos exitosamente - Total: 25
[2025-04-11 15:47:03] [INFO] Vehículos obtenidos exitosamente - Total: 25
[2025-04-11 15:49:06] [INFO] Vehículos obtenidos exitosamente - Total: 25
[2025-04-11 15:49:45] [INFO] Vehículos obtenidos exitosamente - Total: 25
[2025-04-11 15:50:12] [INFO] Vehículo obtenido exitosamente - ID: 1
[2025-04-11 15:52:00] [INFO] Vehículos obtenidos exitosamente - Total: 25
[2025-04-11 15:52:10] [INFO] Vehículos obtenidos exitosamente - Total: 25
[2025-04-11 15:53:57] [INFO] Vehículos obtenidos exitosamente - Total: 25
[2025-04-11 15:54:06] [INFO] Vehículos obtenidos exitosamente - Total: 25
[2025-04-11 15:54:20] [INFO] Vehículos obtenidos exitosamente - Total: 25
[2025-04-11 15:57:17] [INFO] Vehículos obtenidos exitosamente - Total: 25
[2025-04-11 15:59:03] [INFO] Vehículos obtenidos exitosamente - Total: 25
[2025-04-11 15:59:42] [INFO] Intento de registro - [object Object]
[2025-04-11 15:59:42] [WARN] Intento de registro con campos faltantes 
[2025-04-11 15:59:42] [INFO] Intento de registro - [object Object]
[2025-04-11 15:59:42] [WARN] Intento de registro con campos faltantes 
[2025-04-11 16:02:33] [INFO] Vehículos obtenidos exitosamente - Total: 25
[2025-04-11 16:10:10] [INFO] Vehículos obtenidos exitosamente - Total: 25
[2025-04-11 16:11:26] [INFO] Vehículos obtenidos exitosamente - Total: 25
[2025-04-11 16:12:03] [INFO] Vehículos obtenidos exitosamente - Total: 25
[2025-04-11 16:13:01] [INFO] Vehículos obtenidos exitosamente - Total: 25
[2025-04-11 16:15:01] [INFO] Vehículos obtenidos exitosamente - Total: 25
[2025-04-11 16:16:09] [INFO] Vehículos obtenidos exitosamente - Total: 25
[2025-04-11 16:16:50] [INFO] Vehículos obtenidos exitosamente - Total: 25
[2025-04-11 16:19:16] [INFO] Vehículos obtenidos exitosamente - Total: 25
[2025-04-11 16:20:36] [INFO] Vehículo obtenido exitosamente - ID: 15
[2025-04-11 16:20:48] [INFO] Vehículo obtenido exitosamente - ID: 20
[2025-04-11 16:20:55] [INFO] Vehículo obtenido exitosamente - ID: 6
[2025-04-11 16:21:08] [INFO] Vehículo obtenido exitosamente - ID: 1
[2025-04-11 16:57:06] [INFO] Vehículos obtenidos exitosamente - Total: 25
[2025-04-11 16:57:22] [INFO] Vehículos obtenidos exitosamente - Total: 25
[2025-04-11 16:57:49] [INFO] Vehículos obtenidos exitosamente - Total: 25
[2025-04-11 17:00:05] [INFO] Vehículos obtenidos exitosamente - Total: 25
[2025-04-11 17:00:08] [INFO] Vehículos obtenidos exitosamente - Total: 25
[2025-04-11 17:00:11] [INFO] Vehículos obtenidos exitosamente - Total: 25
[2025-04-11 17:00:13] [INFO] Vehículos obtenidos exitosamente - Total: 25
[2025-04-11 17:00:20] [INFO] Vehículos obtenidos exitosamente - Total: 25
[2025-04-11 17:00:24] [INFO] Vehículos obtenidos exitosamente - Total: 25
[2025-04-11 17:02:20] [INFO] Vehículos obtenidos exitosamente - Total: 25
[2025-04-11 17:04:53] [INFO] Vehículos obtenidos exitosamente - Total: 25
[2025-04-11 17:05:57] [INFO] Vehículos obtenidos exitosamente - Total: 25
[2025-04-11 17:07:20] [INFO] Vehículos obtenidos exitosamente - Total: 25
[2025-04-11 17:07:44] [INFO] Vehículos obtenidos exitosamente - Total: 25
[2025-04-11 17:07:48] [INFO] Vehículos obtenidos exitosamente - Total: 25
[2025-04-11 17:09:01] [INFO] Vehículos obtenidos exitosamente - Total: 25
[2025-04-11 17:09:42] [INFO] Vehículos obtenidos exitosamente - Total: 25
[2025-04-11 17:11:07] [INFO] Intento de registro - [object Object]
[2025-04-11 17:11:07] [WARN] Intento de registro con campos faltantes 
[2025-04-11 17:11:07] [INFO] Intento de registro - [object Object]
[2025-04-11 17:11:07] [WARN] Intento de registro con campos faltantes 
[2025-04-11 17:13:32] [INFO] Intento de registro - [object Object]
[2025-04-11 17:13:32] [WARN] Intento de registro con campos faltantes 
[2025-04-11 17:13:32] [INFO] Intento de registro - [object Object]
[2025-04-11 17:13:32] [WARN] Intento de registro con campos faltantes 
[2025-04-11 17:13:44] [INFO] Vehículos obtenidos exitosamente - Total: 25
[2025-04-11 17:13:59] [INFO] Intento de registro - [object Object]
[2025-04-11 17:13:59] [WARN] Intento de registro con campos faltantes 
[2025-04-11 17:13:59] [INFO] Intento de registro - [object Object]
[2025-04-11 17:13:59] [WARN] Intento de registro con campos faltantes 
[2025-04-11 17:15:05] [INFO] Vehículos obtenidos exitosamente - Total: 25
[2025-04-11 17:16:02] [INFO] Intento de registro - [object Object]
[2025-04-11 17:16:02] [WARN] Intento de registro con campos faltantes 
[2025-04-11 17:16:04] [INFO] Intento de registro - [object Object]
[2025-04-11 17:16:04] [WARN] Intento de registro con campos faltantes 
[2025-04-11 17:17:31] [INFO] Vehículos obtenidos exitosamente - Total: 25
[2025-04-11 17:19:43] [INFO] Vehículos obtenidos exitosamente - Total: 25
[2025-04-11 17:21:05] [INFO] Vehículo obtenido exitosamente - ID: 13
[2025-04-11 17:21:06] [INFO] Vehículo obtenido exitosamente - ID: 2
[2025-04-11 17:21:43] [INFO] Vehículo obtenido exitosamente - ID: 2
[2025-04-11 17:22:12] [INFO] Vehículos obtenidos exitosamente - Total: 25
[2025-04-11 17:24:08] [INFO] Vehículos obtenidos exitosamente - Total: 25
[2025-04-11 17:24:20] [INFO] Vehículos obtenidos exitosamente - Total: 25
[2025-04-11 17:24:54] [INFO] Vehículos obtenidos exitosamente - Total: 25
[2025-04-11 17:25:04] [INFO] Intento de login - [object Object]
[2025-04-11 17:25:04] [INFO] Búsqueda de usuario - [object Object]
[2025-04-11 17:25:04] [INFO] Verificación de contraseña - [object Object]
[2025-04-11 17:25:04] [WARN] Contraseña incorrecta - [object Object]
[2025-04-11 17:25:37] [INFO] Intento de login - [object Object]
[2025-04-11 17:25:37] [INFO] Búsqueda de usuario - [object Object]
[2025-04-11 17:25:37] [INFO] Verificación de contraseña - [object Object]
[2025-04-11 17:25:37] [INFO] Login exitoso - [object Object]
[2025-04-11 17:26:31] [INFO] Vehículos obtenidos exitosamente - Total: 25
[2025-04-11 17:27:25] [INFO] Vehículos obtenidos exitosamente - Total: 25
[2025-04-11 17:27:37] [INFO] Vehículos obtenidos exitosamente - Total: 25
[2025-04-11 17:27:38] [INFO] Vehículos obtenidos exitosamente - Total: 25
[2025-04-11 17:32:43] [INFO] Vehículos obtenidos exitosamente - Total: 25
[2025-04-11 17:33:38] [INFO] Vehículos obtenidos exitosamente - Total: 25
[2025-04-11 17:33:58] [INFO] Intento de login - [object Object]
[2025-04-11 17:33:58] [INFO] Búsqueda de usuario - [object Object]
[2025-04-11 17:33:58] [INFO] Verificación de contraseña - [object Object]
[2025-04-11 17:33:58] [WARN] Contraseña incorrecta - [object Object]
[2025-04-11 17:33:59] [INFO] Intento de login - [object Object]
[2025-04-11 17:33:59] [INFO] Búsqueda de usuario - [object Object]
[2025-04-11 17:33:59] [INFO] Verificación de contraseña - [object Object]
[2025-04-11 17:33:59] [INFO] Login exitoso - [object Object]
[2025-04-11 17:35:16] [INFO] Vehículos obtenidos exitosamente - Total: 25
[2025-04-11 17:35:23] [INFO] Vehículos obtenidos exitosamente - Total: 25
[2025-04-11 17:35:56] [INFO] Vehículos obtenidos exitosamente - Total: 25
[2025-04-11 17:40:28] [INFO] Vehículos obtenidos exitosamente - Total: 25
[2025-04-11 17:40:57] [INFO] Vehículos obtenidos exitosamente - Total: 25
[2025-04-11 17:41:34] [INFO] Intento de login - [object Object]
[2025-04-11 17:41:34] [INFO] Búsqueda de usuario - [object Object]
[2025-04-11 17:41:34] [WARN] Usuario no encontrado - [object Object]
[2025-04-11 17:41:45] [INFO] Intento de login - [object Object]
[2025-04-11 17:41:45] [INFO] Búsqueda de usuario - [object Object]
[2025-04-11 17:41:45] [INFO] Verificación de contraseña - [object Object]
[2025-04-11 17:41:45] [INFO] Login exitoso - [object Object]
[2025-04-11 17:42:02] [INFO] Vehículos obtenidos exitosamente - Total: 25
[2025-04-11 17:48:04] [INFO] Obteniendo estadísticas del dashboard 
[2025-04-11 17:48:04] [DEBUG] Consultando total de vehículos 
[2025-04-11 17:48:04] [DEBUG] Total de vehículos: - [object Object]
[2025-04-11 17:48:04] [DEBUG] Consultando vehículos disponibles 
[2025-04-11 17:48:04] [WARN] Error al consultar vehículos disponibles: - Table 'areitodb.reservas' doesn't exist
[2025-04-11 17:48:04] [DEBUG] Vehículos disponibles: - [object Object]
[2025-04-11 17:48:04] [DEBUG] Consultando total de empleados 
[2025-04-11 17:48:04] [ERROR] Error al obtener estadísticas del dashboard: - Error: Table 'areitodb.empleados' doesn't exist
[2025-04-11 17:48:04] [ERROR] Stack trace: - Error: Table 'areitodb.empleados' doesn't exist
    at PromisePool.query (C:\Users\ratib\OneDrive\Universidad\Ing. De Software\2025\ISO-610\AreitoRides\node_modules\mysql2\lib\promise\pool.js:36:22)
    at getEstadisticas (C:\Users\ratib\OneDrive\Universidad\Ing. De Software\2025\ISO-610\AreitoRides\src\api\controllers\dashboardController.js:36:47)
    at process.processTicksAndRejections (node:internal/process/task_queues:95:5)
[2025-04-11 17:50:11] [INFO] Obteniendo estadísticas del dashboard 
[2025-04-11 17:50:11] [DEBUG] Consultando total de vehículos 
[2025-04-11 17:50:11] [DEBUG] Total de vehículos: - [object Object]
[2025-04-11 17:50:11] [DEBUG] Consultando vehículos disponibles 
[2025-04-11 17:50:11] [WARN] Error al consultar vehículos disponibles: - Table 'areitodb.reservas' doesn't exist
[2025-04-11 17:50:11] [DEBUG] Vehículos disponibles: - [object Object]
[2025-04-11 17:50:11] [DEBUG] Consultando total de empleados 
[2025-04-11 17:50:11] [ERROR] Error al obtener estadísticas del dashboard: - Error: Table 'areitodb.empleados' doesn't exist
[2025-04-11 17:50:11] [ERROR] Stack trace: - Error: Table 'areitodb.empleados' doesn't exist
    at PromisePool.query (C:\Users\ratib\OneDrive\Universidad\Ing. De Software\2025\ISO-610\AreitoRides\node_modules\mysql2\lib\promise\pool.js:36:22)
    at getEstadisticas (C:\Users\ratib\OneDrive\Universidad\Ing. De Software\2025\ISO-610\AreitoRides\src\api\controllers\dashboardController.js:36:47)
    at process.processTicksAndRejections (node:internal/process/task_queues:95:5)
[2025-04-11 17:50:39] [INFO] Obteniendo estadísticas del dashboard 
[2025-04-11 17:50:39] [DEBUG] Consultando total de vehículos 
[2025-04-11 17:50:39] [DEBUG] Total de vehículos: - [object Object]
[2025-04-11 17:50:39] [DEBUG] Consultando vehículos disponibles 
[2025-04-11 17:50:39] [WARN] Error al consultar vehículos disponibles: - Table 'areitodb.reservas' doesn't exist
[2025-04-11 17:50:39] [DEBUG] Vehículos disponibles: - [object Object]
[2025-04-11 17:50:39] [DEBUG] Consultando total de empleados 
[2025-04-11 17:50:39] [ERROR] Error al obtener estadísticas del dashboard: - Error: Table 'areitodb.empleados' doesn't exist
[2025-04-11 17:50:39] [ERROR] Stack trace: - Error: Table 'areitodb.empleados' doesn't exist
    at PromisePool.query (C:\Users\ratib\OneDrive\Universidad\Ing. De Software\2025\ISO-610\AreitoRides\node_modules\mysql2\lib\promise\pool.js:36:22)
    at getEstadisticas (C:\Users\ratib\OneDrive\Universidad\Ing. De Software\2025\ISO-610\AreitoRides\src\api\controllers\dashboardController.js:36:47)
    at process.processTicksAndRejections (node:internal/process/task_queues:95:5)
[2025-04-11 17:56:13] [INFO] Obteniendo estadísticas del dashboard 
[2025-04-11 17:56:13] [DEBUG] Consultando total de vehículos 
[2025-04-11 17:56:13] [DEBUG] Total de vehículos: - [object Object]
[2025-04-11 17:56:13] [DEBUG] Consultando vehículos disponibles 
[2025-04-11 17:56:13] [WARN] Error al consultar vehículos disponibles: - Table 'areitodb.reservas' doesn't exist
[2025-04-11 17:56:13] [DEBUG] Vehículos disponibles: - [object Object]
[2025-04-11 17:56:13] [DEBUG] Consultando total de empleados 
[2025-04-11 17:56:13] [ERROR] Error al obtener estadísticas del dashboard: - Error: Table 'areitodb.empleados' doesn't exist
[2025-04-11 17:56:13] [ERROR] Stack trace: - Error: Table 'areitodb.empleados' doesn't exist
    at PromisePool.query (C:\Users\ratib\OneDrive\Universidad\Ing. De Software\2025\ISO-610\AreitoRides\node_modules\mysql2\lib\promise\pool.js:36:22)
    at getEstadisticas (C:\Users\ratib\OneDrive\Universidad\Ing. De Software\2025\ISO-610\AreitoRides\src\api\controllers\dashboardController.js:36:47)
    at process.processTicksAndRejections (node:internal/process/task_queues:95:5)
[2025-04-11 18:02:41] [INFO] Obteniendo estadísticas del dashboard 
[2025-04-11 18:02:41] [DEBUG] Consultando total de vehículos 
[2025-04-11 18:02:41] [DEBUG] Total de vehículos: - [object Object]
[2025-04-11 18:02:41] [DEBUG] Consultando vehículos disponibles 
[2025-04-11 18:02:41] [WARN] Error al consultar vehículos disponibles: - Table 'areitodb.reservas' doesn't exist
[2025-04-11 18:02:41] [DEBUG] Vehículos disponibles: - [object Object]
[2025-04-11 18:02:41] [DEBUG] Consultando total de empleados 
[2025-04-11 18:02:41] [ERROR] Error al obtener estadísticas del dashboard: - Error: Table 'areitodb.empleados' doesn't exist
[2025-04-11 18:02:41] [ERROR] Stack trace: - Error: Table 'areitodb.empleados' doesn't exist
    at PromisePool.query (C:\Users\ratib\OneDrive\Universidad\Ing. De Software\2025\ISO-610\AreitoRides\node_modules\mysql2\lib\promise\pool.js:36:22)
    at getEstadisticas (C:\Users\ratib\OneDrive\Universidad\Ing. De Software\2025\ISO-610\AreitoRides\src\api\controllers\dashboardController.js:36:47)
    at process.processTicksAndRejections (node:internal/process/task_queues:95:5)
[2025-04-11 18:03:12] [INFO] Vehículos obtenidos exitosamente - Total: 25
[2025-04-11 18:04:23] [INFO] Vehículos obtenidos exitosamente - Total: 25
[2025-04-11 18:04:30] [INFO] Vehículos obtenidos exitosamente - Total: 25
[2025-04-11 18:05:42] [INFO] Vehículos obtenidos exitosamente - Total: 25
[2025-04-11 18:05:55] [INFO] Vehículo obtenido exitosamente - ID: 3
[2025-04-11 18:06:13] [INFO] Vehículos obtenidos exitosamente - Total: 25
[2025-04-11 18:06:40] [INFO] Intento de login - [object Object]
[2025-04-11 18:06:40] [INFO] Búsqueda de usuario - [object Object]
[2025-04-11 18:06:40] [INFO] Verificación de contraseña - [object Object]
[2025-04-11 18:06:40] [INFO] Login exitoso - [object Object]
[2025-04-11 18:06:40] [INFO] Obteniendo estadísticas del dashboard 
[2025-04-11 18:06:40] [DEBUG] Consultando total de vehículos 
[2025-04-11 18:06:40] [DEBUG] Total de vehículos: - [object Object]
[2025-04-11 18:06:40] [DEBUG] Consultando vehículos disponibles 
[2025-04-11 18:06:40] [WARN] Error al consultar vehículos disponibles: - Table 'areitodb.reservas' doesn't exist
[2025-04-11 18:06:40] [DEBUG] Vehículos disponibles: - [object Object]
[2025-04-11 18:06:40] [DEBUG] Consultando total de empleados 
[2025-04-11 18:06:40] [ERROR] Error al obtener estadísticas del dashboard: - Error: Table 'areitodb.empleados' doesn't exist
[2025-04-11 18:06:40] [ERROR] Stack trace: - Error: Table 'areitodb.empleados' doesn't exist
    at PromisePool.query (C:\Users\ratib\OneDrive\Universidad\Ing. De Software\2025\ISO-610\AreitoRides\node_modules\mysql2\lib\promise\pool.js:36:22)
    at getEstadisticas (C:\Users\ratib\OneDrive\Universidad\Ing. De Software\2025\ISO-610\AreitoRides\src\api\controllers\dashboardController.js:36:47)
    at process.processTicksAndRejections (node:internal/process/task_queues:95:5)
[2025-04-11 18:14:19] [INFO] Obteniendo estadísticas del dashboard 
[2025-04-11 18:14:19] [DEBUG] Consultando total de vehículos 
[2025-04-11 18:14:19] [DEBUG] Total de vehículos: - [object Object]
[2025-04-11 18:14:19] [DEBUG] Consultando vehículos disponibles 
[2025-04-11 18:14:19] [WARN] Error al consultar vehículos disponibles: - Table 'areitodb.reservas' doesn't exist
[2025-04-11 18:14:19] [DEBUG] Vehículos disponibles: - [object Object]
[2025-04-11 18:14:19] [DEBUG] Consultando total de empleados 
[2025-04-11 18:14:19] [ERROR] Error al obtener estadísticas del dashboard: - Error: Table 'areitodb.empleados' doesn't exist
[2025-04-11 18:14:19] [ERROR] Stack trace: - Error: Table 'areitodb.empleados' doesn't exist
    at PromisePool.query (C:\Users\ratib\OneDrive\Universidad\Ing. De Software\2025\ISO-610\AreitoRides\node_modules\mysql2\lib\promise\pool.js:36:22)
    at getEstadisticas (C:\Users\ratib\OneDrive\Universidad\Ing. De Software\2025\ISO-610\AreitoRides\src\api\controllers\dashboardController.js:36:47)
    at process.processTicksAndRejections (node:internal/process/task_queues:95:5)
[2025-04-11 18:16:59] [INFO] Obteniendo estadísticas del dashboard 
[2025-04-11 18:16:59] [DEBUG] Consultando total de vehículos 
[2025-04-11 18:16:59] [DEBUG] Total de vehículos: - [object Object]
[2025-04-11 18:16:59] [DEBUG] Consultando vehículos disponibles 
[2025-04-11 18:16:59] [WARN] Error al consultar vehículos disponibles: - Table 'areitodb.reservas' doesn't exist
[2025-04-11 18:16:59] [DEBUG] Vehículos disponibles: - [object Object]
[2025-04-11 18:16:59] [DEBUG] Consultando total de empleados 
[2025-04-11 18:16:59] [ERROR] Error al obtener estadísticas del dashboard: - Error: Table 'areitodb.empleados' doesn't exist
[2025-04-11 18:16:59] [ERROR] Stack trace: - Error: Table 'areitodb.empleados' doesn't exist
    at PromisePool.query (C:\Users\ratib\OneDrive\Universidad\Ing. De Software\2025\ISO-610\AreitoRides\node_modules\mysql2\lib\promise\pool.js:36:22)
    at getEstadisticas (C:\Users\ratib\OneDrive\Universidad\Ing. De Software\2025\ISO-610\AreitoRides\src\api\controllers\dashboardController.js:36:47)
    at process.processTicksAndRejections (node:internal/process/task_queues:95:5)
[2025-04-11 18:17:12] [INFO] Obteniendo estadísticas del dashboard 
[2025-04-11 18:17:12] [DEBUG] Consultando total de vehículos 
[2025-04-11 18:17:12] [DEBUG] Total de vehículos: - [object Object]
[2025-04-11 18:17:12] [DEBUG] Consultando vehículos disponibles 
[2025-04-11 18:17:12] [WARN] Error al consultar vehículos disponibles: - Table 'areitodb.reservas' doesn't exist
[2025-04-11 18:17:12] [DEBUG] Vehículos disponibles: - [object Object]
[2025-04-11 18:17:12] [DEBUG] Consultando total de empleados 
[2025-04-11 18:17:12] [ERROR] Error al obtener estadísticas del dashboard: - Error: Table 'areitodb.empleados' doesn't exist
[2025-04-11 18:17:12] [ERROR] Stack trace: - Error: Table 'areitodb.empleados' doesn't exist
    at PromisePool.query (C:\Users\ratib\OneDrive\Universidad\Ing. De Software\2025\ISO-610\AreitoRides\node_modules\mysql2\lib\promise\pool.js:36:22)
    at getEstadisticas (C:\Users\ratib\OneDrive\Universidad\Ing. De Software\2025\ISO-610\AreitoRides\src\api\controllers\dashboardController.js:36:47)
    at process.processTicksAndRejections (node:internal/process/task_queues:95:5)
[2025-04-11 18:18:11] [INFO] Obteniendo estadísticas del dashboard 
[2025-04-11 18:18:11] [DEBUG] Consultando total de vehículos 
[2025-04-11 18:18:11] [DEBUG] Total de vehículos: - [object Object]
[2025-04-11 18:18:11] [DEBUG] Consultando vehículos disponibles 
[2025-04-11 18:18:11] [WARN] Error al consultar vehículos disponibles: - Table 'areitodb.reservas' doesn't exist
[2025-04-11 18:18:11] [DEBUG] Vehículos disponibles: - [object Object]
[2025-04-11 18:18:11] [DEBUG] Consultando total de empleados 
[2025-04-11 18:18:11] [ERROR] Error al obtener estadísticas del dashboard: - Error: Table 'areitodb.empleados' doesn't exist
[2025-04-11 18:18:11] [ERROR] Stack trace: - Error: Table 'areitodb.empleados' doesn't exist
    at PromisePool.query (C:\Users\ratib\OneDrive\Universidad\Ing. De Software\2025\ISO-610\AreitoRides\node_modules\mysql2\lib\promise\pool.js:36:22)
    at getEstadisticas (C:\Users\ratib\OneDrive\Universidad\Ing. De Software\2025\ISO-610\AreitoRides\src\api\controllers\dashboardController.js:36:47)
    at process.processTicksAndRejections (node:internal/process/task_queues:95:5)
[2025-04-11 18:39:12] [INFO] Obteniendo estadísticas del dashboard 
[2025-04-11 18:39:12] [DEBUG] Consultando total de vehículos 
[2025-04-11 18:39:12] [DEBUG] Total de vehículos: - [object Object]
[2025-04-11 18:39:12] [DEBUG] Consultando vehículos disponibles 
[2025-04-11 18:39:12] [WARN] Error al consultar vehículos disponibles: - Table 'areitodb.reservas' doesn't exist
[2025-04-11 18:39:12] [DEBUG] Vehículos disponibles: - [object Object]
[2025-04-11 18:39:12] [DEBUG] Consultando total de empleados 
[2025-04-11 18:39:12] [ERROR] Error al obtener estadísticas del dashboard: - Error: Table 'areitodb.empleados' doesn't exist
[2025-04-11 18:39:12] [ERROR] Stack trace: - Error: Table 'areitodb.empleados' doesn't exist
    at PromisePool.query (C:\Users\ratib\OneDrive\Universidad\Ing. De Software\2025\ISO-610\AreitoRides\node_modules\mysql2\lib\promise\pool.js:36:22)
    at getEstadisticas (C:\Users\ratib\OneDrive\Universidad\Ing. De Software\2025\ISO-610\AreitoRides\src\api\controllers\dashboardController.js:36:47)
    at process.processTicksAndRejections (node:internal/process/task_queues:95:5)
[2025-04-11 18:39:18] [INFO] Obteniendo estadísticas del dashboard 
[2025-04-11 18:39:18] [DEBUG] Consultando total de vehículos 
[2025-04-11 18:39:18] [DEBUG] Total de vehículos: - [object Object]
[2025-04-11 18:39:18] [DEBUG] Consultando vehículos disponibles 
[2025-04-11 18:39:18] [WARN] Error al consultar vehículos disponibles: - Table 'areitodb.reservas' doesn't exist
[2025-04-11 18:39:18] [DEBUG] Vehículos disponibles: - [object Object]
[2025-04-11 18:39:18] [DEBUG] Consultando total de empleados 
[2025-04-11 18:39:18] [ERROR] Error al obtener estadísticas del dashboard: - Error: Table 'areitodb.empleados' doesn't exist
[2025-04-11 18:39:18] [ERROR] Stack trace: - Error: Table 'areitodb.empleados' doesn't exist
    at PromisePool.query (C:\Users\ratib\OneDrive\Universidad\Ing. De Software\2025\ISO-610\AreitoRides\node_modules\mysql2\lib\promise\pool.js:36:22)
    at getEstadisticas (C:\Users\ratib\OneDrive\Universidad\Ing. De Software\2025\ISO-610\AreitoRides\src\api\controllers\dashboardController.js:36:47)
    at process.processTicksAndRejections (node:internal/process/task_queues:95:5)
[2025-04-11 19:28:41] [INFO] Vehículos obtenidos exitosamente - Total: 25
[2025-04-11 19:28:49] [INFO] Vehículos obtenidos exitosamente - Total: 25
[2025-04-11 19:28:55] [INFO] Vehículos obtenidos exitosamente - Total: 25
[2025-04-11 19:28:58] [INFO] Vehículos obtenidos exitosamente - Total: 25
[2025-04-11 19:30:08] [INFO] Vehículos obtenidos exitosamente - Total: 25
[2025-04-11 19:30:11] [INFO] Vehículos obtenidos exitosamente - Total: 25
[2025-04-11 19:30:15] [INFO] Vehículos obtenidos exitosamente - Total: 25
[2025-04-11 19:30:19] [INFO] Vehículos obtenidos exitosamente - Total: 25
[2025-04-11 19:30:24] [INFO] Vehículos obtenidos exitosamente - Total: 25
[2025-04-11 19:30:59] [INFO] Vehículo obtenido exitosamente - ID: 4
[2025-04-11 19:31:40] [INFO] Vehículos obtenidos exitosamente - Total: 25
[2025-04-11 19:31:54] [INFO] Intento de login - [object Object]
[2025-04-11 19:31:54] [INFO] Intento de login - [object Object]
[2025-04-11 19:31:54] [INFO] Búsqueda de usuario - [object Object]
[2025-04-11 19:31:54] [INFO] Búsqueda de usuario - [object Object]
[2025-04-11 19:31:54] [INFO] Verificación de contraseña - [object Object]
[2025-04-11 19:31:54] [INFO] Login exitoso - [object Object]
[2025-04-11 19:31:54] [INFO] Verificación de contraseña - [object Object]
[2025-04-11 19:31:54] [INFO] Login exitoso - [object Object]
[2025-04-11 19:32:08] [INFO] Vehículos obtenidos exitosamente - Total: 25
[2025-04-11 19:32:10] [INFO] Obteniendo estadísticas del dashboard 
[2025-04-11 19:32:10] [DEBUG] Consultando total de vehículos 
[2025-04-11 19:32:10] [DEBUG] Total de vehículos: - [object Object]
[2025-04-11 19:32:10] [DEBUG] Consultando vehículos disponibles 
[2025-04-11 19:32:10] [WARN] Error al consultar vehículos disponibles: - Table 'areitodb.reservas' doesn't exist
[2025-04-11 19:32:10] [DEBUG] Vehículos disponibles: - [object Object]
[2025-04-11 19:32:10] [DEBUG] Consultando total de empleados 
[2025-04-11 19:32:10] [ERROR] Error al obtener estadísticas del dashboard: - Error: Table 'areitodb.empleados' doesn't exist
[2025-04-11 19:32:10] [ERROR] Stack trace: - Error: Table 'areitodb.empleados' doesn't exist
    at PromisePool.query (C:\Users\ratib\OneDrive\Universidad\Ing. De Software\2025\ISO-610\AreitoRides\node_modules\mysql2\lib\promise\pool.js:36:22)
    at getEstadisticas (C:\Users\ratib\OneDrive\Universidad\Ing. De Software\2025\ISO-610\AreitoRides\src\api\controllers\dashboardController.js:36:47)
    at process.processTicksAndRejections (node:internal/process/task_queues:95:5)
[2025-04-11 19:32:30] [INFO] Obteniendo estadísticas del dashboard 
[2025-04-11 19:32:30] [DEBUG] Consultando total de vehículos 
[2025-04-11 19:32:30] [DEBUG] Total de vehículos: - [object Object]
[2025-04-11 19:32:30] [DEBUG] Consultando vehículos disponibles 
[2025-04-11 19:32:30] [WARN] Error al consultar vehículos disponibles: - Table 'areitodb.reservas' doesn't exist
[2025-04-11 19:32:30] [DEBUG] Vehículos disponibles: - [object Object]
[2025-04-11 19:32:30] [DEBUG] Consultando total de empleados 
[2025-04-11 19:32:30] [ERROR] Error al obtener estadísticas del dashboard: - Error: Table 'areitodb.empleados' doesn't exist
[2025-04-11 19:32:30] [ERROR] Stack trace: - Error: Table 'areitodb.empleados' doesn't exist
    at PromisePool.query (C:\Users\ratib\OneDrive\Universidad\Ing. De Software\2025\ISO-610\AreitoRides\node_modules\mysql2\lib\promise\pool.js:36:22)
    at getEstadisticas (C:\Users\ratib\OneDrive\Universidad\Ing. De Software\2025\ISO-610\AreitoRides\src\api\controllers\dashboardController.js:36:47)
    at process.processTicksAndRejections (node:internal/process/task_queues:95:5)
[2025-04-11 19:32:46] [INFO] Obteniendo estadísticas del dashboard 
[2025-04-11 19:32:46] [DEBUG] Consultando total de vehículos 
[2025-04-11 19:32:46] [DEBUG] Total de vehículos: - [object Object]
[2025-04-11 19:32:46] [DEBUG] Consultando vehículos disponibles 
[2025-04-11 19:32:46] [WARN] Error al consultar vehículos disponibles: - Table 'areitodb.reservas' doesn't exist
[2025-04-11 19:32:46] [DEBUG] Vehículos disponibles: - [object Object]
[2025-04-11 19:32:46] [DEBUG] Consultando total de empleados 
[2025-04-11 19:32:46] [ERROR] Error al obtener estadísticas del dashboard: - Error: Table 'areitodb.empleados' doesn't exist
[2025-04-11 19:32:46] [ERROR] Stack trace: - Error: Table 'areitodb.empleados' doesn't exist
    at PromisePool.query (C:\Users\ratib\OneDrive\Universidad\Ing. De Software\2025\ISO-610\AreitoRides\node_modules\mysql2\lib\promise\pool.js:36:22)
    at getEstadisticas (C:\Users\ratib\OneDrive\Universidad\Ing. De Software\2025\ISO-610\AreitoRides\src\api\controllers\dashboardController.js:36:47)
    at process.processTicksAndRejections (node:internal/process/task_queues:95:5)
[2025-04-11 19:33:33] [INFO] Obteniendo estadísticas del dashboard 
[2025-04-11 19:33:33] [DEBUG] Consultando total de vehículos 
[2025-04-11 19:33:33] [DEBUG] Total de vehículos: - [object Object]
[2025-04-11 19:33:33] [DEBUG] Consultando vehículos disponibles 
[2025-04-11 19:33:33] [WARN] Error al consultar vehículos disponibles: - Table 'areitodb.reservas' doesn't exist
[2025-04-11 19:33:33] [DEBUG] Vehículos disponibles: - [object Object]
[2025-04-11 19:33:33] [DEBUG] Consultando total de empleados 
[2025-04-11 19:33:33] [ERROR] Error al obtener estadísticas del dashboard: - Error: Table 'areitodb.empleados' doesn't exist
[2025-04-11 19:33:33] [ERROR] Stack trace: - Error: Table 'areitodb.empleados' doesn't exist
    at PromisePool.query (C:\Users\ratib\OneDrive\Universidad\Ing. De Software\2025\ISO-610\AreitoRides\node_modules\mysql2\lib\promise\pool.js:36:22)
    at getEstadisticas (C:\Users\ratib\OneDrive\Universidad\Ing. De Software\2025\ISO-610\AreitoRides\src\api\controllers\dashboardController.js:36:47)
    at process.processTicksAndRejections (node:internal/process/task_queues:95:5)
[2025-04-11 19:33:37] [INFO] Vehículos obtenidos exitosamente - Total: 25
[2025-04-11 19:33:38] [INFO] Vehículos obtenidos exitosamente - Total: 25
[2025-04-11 19:33:43] [INFO] Vehículos obtenidos exitosamente - Total: 25
[2025-04-11 19:34:21] [INFO] Intento de registro - [object Object]
[2025-04-11 19:34:21] [ERROR] Error en registro - [object Object]
[2025-04-11 19:39:27] [INFO] Intento de registro - [object Object]
[2025-04-11 19:39:27] [ERROR] Error en registro - [object Object]
[2025-04-11 19:42:52] [INFO] Intento de registro - [object Object]
[2025-04-11 19:42:53] [ERROR] Error en registro - [object Object]
[2025-04-11 19:43:21] [INFO] Intento de registro - [object Object]
[2025-04-11 19:43:21] [WARN] Intento de registro con campos faltantes 
[2025-04-11 19:46:01] [INFO] Intento de registro - [object Object]
[2025-04-11 19:46:01] [WARN] Intento de registro con campos faltantes 
[2025-04-11 19:46:28] [INFO] Intento de registro - [object Object]
[2025-04-11 19:46:28] [WARN] Intento de registro con campos faltantes 
[2025-04-11 19:49:45] [INFO] Intento de login - [object Object]
[2025-04-11 19:49:45] [INFO] Búsqueda de usuario - [object Object]
[2025-04-11 19:49:45] [INFO] Verificación de contraseña - [object Object]
[2025-04-11 19:49:45] [INFO] Login exitoso - [object Object]
[2025-04-11 19:49:45] [INFO] Obteniendo estadísticas del dashboard 
[2025-04-11 19:49:45] [DEBUG] Consultando total de vehículos 
[2025-04-11 19:49:45] [DEBUG] Total de vehículos: - [object Object]
[2025-04-11 19:49:45] [DEBUG] Consultando vehículos disponibles 
[2025-04-11 19:49:45] [WARN] Error al consultar vehículos disponibles: - Table 'areitodb.reservas' doesn't exist
[2025-04-11 19:49:45] [DEBUG] Vehículos disponibles: - [object Object]
[2025-04-11 19:49:45] [DEBUG] Consultando total de empleados 
[2025-04-11 19:49:45] [ERROR] Error al obtener estadísticas del dashboard: - Error: Table 'areitodb.empleados' doesn't exist
[2025-04-11 19:49:45] [ERROR] Stack trace: - Error: Table 'areitodb.empleados' doesn't exist
    at PromisePool.query (C:\Users\ratib\OneDrive\Universidad\Ing. De Software\2025\ISO-610\AreitoRides\node_modules\mysql2\lib\promise\pool.js:36:22)
    at getEstadisticas (C:\Users\ratib\OneDrive\Universidad\Ing. De Software\2025\ISO-610\AreitoRides\src\api\controllers\dashboardController.js:36:47)
    at process.processTicksAndRejections (node:internal/process/task_queues:95:5)
[2025-04-11 19:50:00] [INFO] Obteniendo estadísticas del dashboard 
[2025-04-11 19:50:00] [DEBUG] Consultando total de vehículos 
[2025-04-11 19:50:00] [DEBUG] Total de vehículos: - [object Object]
[2025-04-11 19:50:00] [DEBUG] Consultando vehículos disponibles 
[2025-04-11 19:50:00] [WARN] Error al consultar vehículos disponibles: - Table 'areitodb.reservas' doesn't exist
[2025-04-11 19:50:00] [DEBUG] Vehículos disponibles: - [object Object]
[2025-04-11 19:50:00] [DEBUG] Consultando total de empleados 
[2025-04-11 19:50:00] [ERROR] Error al obtener estadísticas del dashboard: - Error: Table 'areitodb.empleados' doesn't exist
[2025-04-11 19:50:00] [ERROR] Stack trace: - Error: Table 'areitodb.empleados' doesn't exist
    at PromisePool.query (C:\Users\ratib\OneDrive\Universidad\Ing. De Software\2025\ISO-610\AreitoRides\node_modules\mysql2\lib\promise\pool.js:36:22)
    at getEstadisticas (C:\Users\ratib\OneDrive\Universidad\Ing. De Software\2025\ISO-610\AreitoRides\src\api\controllers\dashboardController.js:36:47)
    at process.processTicksAndRejections (node:internal/process/task_queues:95:5)
[2025-04-11 19:50:05] [INFO] Vehículos obtenidos exitosamente - Total: 25
[2025-04-11 19:50:41] [INFO] Vehículos obtenidos exitosamente - Total: 25
[2025-04-11 20:05:53] [INFO] Vehículos obtenidos exitosamente - Total: 25
[2025-04-11 20:06:21] [INFO] Intento de registro - [object Object]
[2025-04-11 20:06:21] [INFO] Usuario registrado exitosamente - [object Object]
[2025-04-11 20:06:21] [INFO] Vehículos obtenidos exitosamente - Total: 25
[2025-04-11 20:06:50] [INFO] Intento de login - [object Object]
[2025-04-11 20:06:50] [INFO] Intento de login - [object Object]
[2025-04-11 20:06:50] [INFO] Búsqueda de usuario - [object Object]
[2025-04-11 20:06:50] [INFO] Búsqueda de usuario - [object Object]
[2025-04-11 20:06:50] [INFO] Verificación de contraseña - [object Object]
[2025-04-11 20:06:50] [INFO] Login exitoso - [object Object]
[2025-04-11 20:06:51] [INFO] Verificación de contraseña - [object Object]
[2025-04-11 20:06:51] [INFO] Login exitoso - [object Object]
[2025-04-11 20:07:12] [INFO] Vehículo obtenido exitosamente - ID: 18
[2025-04-11 20:07:30] [INFO] Vehículos obtenidos exitosamente - Total: 25
[2025-04-11 20:07:32] [INFO] Vehículos obtenidos exitosamente - Total: 25
[2025-04-11 20:07:33] [INFO] Vehículos obtenidos exitosamente - Total: 25
[2025-04-11 20:07:37] [INFO] Vehículos obtenidos exitosamente - Total: 25
[2025-04-11 20:07:38] [INFO] Vehículos obtenidos exitosamente - Total: 25
[2025-04-11 20:07:47] [INFO] Sesión cerrada exitosamente 
[2025-04-11 20:07:47] [INFO] Vehículos obtenidos exitosamente - Total: 25
[2025-04-11 20:07:52] [INFO] Intento de login - [object Object]
[2025-04-11 20:07:52] [INFO] Búsqueda de usuario - [object Object]
[2025-04-11 20:07:52] [INFO] Verificación de contraseña - [object Object]
[2025-04-11 20:07:52] [INFO] Login exitoso - [object Object]
[2025-04-11 20:07:52] [INFO] Obteniendo estadísticas del dashboard 
[2025-04-11 20:07:52] [DEBUG] Consultando total de vehículos 
[2025-04-11 20:07:52] [DEBUG] Total de vehículos: - [object Object]
[2025-04-11 20:07:52] [DEBUG] Consultando vehículos disponibles 
[2025-04-11 20:07:52] [WARN] Error al consultar vehículos disponibles: - Table 'areitodb.reservas' doesn't exist
[2025-04-11 20:07:52] [DEBUG] Vehículos disponibles: - [object Object]
[2025-04-11 20:07:52] [DEBUG] Consultando total de empleados 
[2025-04-11 20:07:52] [ERROR] Error al obtener estadísticas del dashboard: - Error: Table 'areitodb.empleados' doesn't exist
[2025-04-11 20:07:52] [ERROR] Stack trace: - Error: Table 'areitodb.empleados' doesn't exist
    at PromisePool.query (C:\Users\ratib\OneDrive\Universidad\Ing. De Software\2025\ISO-610\AreitoRides\node_modules\mysql2\lib\promise\pool.js:36:22)
    at getEstadisticas (C:\Users\ratib\OneDrive\Universidad\Ing. De Software\2025\ISO-610\AreitoRides\src\api\controllers\dashboardController.js:36:47)
    at process.processTicksAndRejections (node:internal/process/task_queues:95:5)
[2025-04-11 20:08:25] [INFO] Intento de login - [object Object]
[2025-04-11 20:08:25] [INFO] Búsqueda de usuario - [object Object]
[2025-04-11 20:08:25] [INFO] Verificación de contraseña - [object Object]
[2025-04-11 20:08:25] [INFO] Login exitoso - [object Object]
[2025-04-11 20:08:25] [INFO] Obteniendo estadísticas del dashboard 
[2025-04-11 20:08:25] [DEBUG] Consultando total de vehículos 
[2025-04-11 20:08:25] [DEBUG] Total de vehículos: - [object Object]
[2025-04-11 20:08:25] [DEBUG] Consultando vehículos disponibles 
[2025-04-11 20:08:25] [WARN] Error al consultar vehículos disponibles: - Table 'areitodb.reservas' doesn't exist
[2025-04-11 20:08:25] [DEBUG] Vehículos disponibles: - [object Object]
[2025-04-11 20:08:25] [DEBUG] Consultando total de empleados 
[2025-04-11 20:08:25] [ERROR] Error al obtener estadísticas del dashboard: - Error: Table 'areitodb.empleados' doesn't exist
[2025-04-11 20:08:25] [ERROR] Stack trace: - Error: Table 'areitodb.empleados' doesn't exist
    at PromisePool.query (C:\Users\ratib\OneDrive\Universidad\Ing. De Software\2025\ISO-610\AreitoRides\node_modules\mysql2\lib\promise\pool.js:36:22)
    at getEstadisticas (C:\Users\ratib\OneDrive\Universidad\Ing. De Software\2025\ISO-610\AreitoRides\src\api\controllers\dashboardController.js:36:47)
    at process.processTicksAndRejections (node:internal/process/task_queues:95:5)
[2025-04-11 20:10:17] [INFO] Obteniendo estadísticas del dashboard 
[2025-04-11 20:10:17] [INFO] Estadísticas obtenidas exitosamente 
[2025-04-11 20:13:11] [INFO] Obteniendo estadísticas del dashboard 
[2025-04-11 20:13:11] [INFO] Estadísticas obtenidas exitosamente 
[2025-04-11 20:13:13] [INFO] Obteniendo estadísticas del dashboard 
[2025-04-11 20:13:13] [INFO] Estadísticas obtenidas exitosamente 
[2025-04-11 20:13:23] [INFO] Obteniendo estadísticas del dashboard 
[2025-04-11 20:13:23] [INFO] Estadísticas obtenidas exitosamente 
[2025-04-11 20:13:40] [INFO] Obteniendo estadísticas del dashboard 
[2025-04-11 20:13:40] [INFO] Estadísticas obtenidas exitosamente 
[2025-04-11 20:13:58] [INFO] Obteniendo estadísticas del dashboard 
[2025-04-11 20:13:58] [INFO] Estadísticas obtenidas exitosamente 
[2025-04-11 20:15:00] [INFO] Obteniendo estadísticas del dashboard 
[2025-04-11 20:15:00] [INFO] Estadísticas obtenidas exitosamente 
[2025-04-11 20:16:03] [INFO] Vehículos obtenidos exitosamente - Total: 25
[2025-04-11 20:16:05] [INFO] Sesión cerrada exitosamente 
[2025-04-11 20:16:05] [INFO] Vehículos obtenidos exitosamente - Total: 25
[2025-04-11 20:16:07] [INFO] Vehículos obtenidos exitosamente - Total: 25
[2025-04-11 20:16:08] [INFO] Vehículos obtenidos exitosamente - Total: 25
[2025-04-11 20:16:09] [INFO] Vehículos obtenidos exitosamente - Total: 25
[2025-04-11 20:16:11] [INFO] Vehículo obtenido exitosamente - ID: 8
[2025-04-11 20:16:42] [INFO] Intento de login - [object Object]
[2025-04-11 20:16:42] [INFO] Intento de login - [object Object]
[2025-04-11 20:16:42] [INFO] Búsqueda de usuario - [object Object]
[2025-04-11 20:16:42] [INFO] Búsqueda de usuario - [object Object]
[2025-04-11 20:16:42] [INFO] Verificación de contraseña - [object Object]
[2025-04-11 20:16:42] [INFO] Login exitoso - [object Object]
[2025-04-11 20:16:42] [INFO] Verificación de contraseña - [object Object]
[2025-04-11 20:16:42] [INFO] Login exitoso - [object Object]
[2025-04-11 20:17:00] [INFO] Obteniendo estadísticas del dashboard 
[2025-04-11 20:17:00] [INFO] Estadísticas obtenidas exitosamente 
[2025-04-11 20:17:06] [INFO] Obteniendo estadísticas del dashboard 
[2025-04-11 20:17:06] [INFO] Estadísticas obtenidas exitosamente 
[2025-04-11 20:19:37] [INFO] Vehículos obtenidos exitosamente - Total: 25
[2025-04-11 20:19:41] [INFO] Vehículos obtenidos exitosamente - Total: 25
[2025-04-11 20:20:43] [INFO] Vehículos obtenidos exitosamente - Total: 25
[2025-04-11 20:21:58] [INFO] Obteniendo estadísticas del dashboard 
[2025-04-11 20:21:58] [INFO] Estadísticas obtenidas exitosamente 
[2025-04-11 20:22:23] [INFO] Obteniendo estadísticas del dashboard 
[2025-04-11 20:22:23] [INFO] Estadísticas obtenidas exitosamente 
[2025-04-11 20:25:42] [INFO] Vehículos obtenidos exitosamente - Total: 25
[2025-04-11 20:34:04] [INFO] Vehículos obtenidos exitosamente - Total: 25
[2025-04-11 20:34:10] [INFO] Vehículos obtenidos exitosamente - Total: 25
[2025-04-11 20:34:12] [INFO] Vehículos obtenidos exitosamente - Total: 25
[2025-04-11 20:37:33] [INFO] Vehículos obtenidos exitosamente - Total: 25
[2025-04-11 20:37:33] [INFO] Vehículos obtenidos exitosamente - Total: 25
[2025-04-11 20:38:00] [INFO] Vehículos obtenidos exitosamente - Total: 25
[2025-04-11 20:38:00] [INFO] Vehículos obtenidos exitosamente - Total: 25
[2025-04-11 20:41:52] [INFO] Vehículos obtenidos exitosamente - Total: 25
[2025-04-11 20:41:52] [INFO] Vehículos obtenidos exitosamente - Total: 25
[2025-04-11 20:45:42] [INFO] Vehículos obtenidos exitosamente - Total: 25
[2025-04-11 20:45:42] [INFO] Vehículos obtenidos exitosamente - Total: 25
[2025-04-11 20:45:54] [INFO] Vehículos obtenidos exitosamente - Total: 25
[2025-04-11 20:45:54] [INFO] Vehículos obtenidos exitosamente - Total: 25
[2025-04-11 20:49:49] [INFO] Vehículos obtenidos exitosamente - Total: 25
[2025-04-11 20:49:49] [INFO] Vehículos obtenidos exitosamente - Total: 25
[2025-04-11 20:57:21] [ERROR] Error al obtener vehículos - Unknown column 'dv.no_chasis' in 'field list'
[2025-04-11 20:57:37] [INFO] Obteniendo estadísticas del dashboard 
[2025-04-11 20:57:37] [INFO] Estadísticas obtenidas exitosamente 
[2025-04-11 20:57:38] [ERROR] Error al obtener vehículos - Unknown column 'dv.no_chasis' in 'field list'
[2025-04-11 20:57:54] [ERROR] Error al obtener vehículos - Unknown column 'dv.no_chasis' in 'field list'
[2025-04-11 20:58:06] [ERROR] Error al obtener vehículos - Unknown column 'dv.no_chasis' in 'field list'
[2025-04-11 20:58:09] [INFO] Sesión cerrada exitosamente 
[2025-04-11 20:58:12] [INFO] Intento de login - [object Object]
[2025-04-11 20:58:12] [INFO] Búsqueda de usuario - [object Object]
[2025-04-11 20:58:12] [INFO] Verificación de contraseña - [object Object]
[2025-04-11 20:58:12] [WARN] Contraseña incorrecta - [object Object]
[2025-04-11 20:58:48] [INFO] Intento de login - [object Object]
[2025-04-11 20:58:48] [INFO] Búsqueda de usuario - [object Object]
[2025-04-11 20:58:48] [INFO] Verificación de contraseña - [object Object]
[2025-04-11 20:58:48] [INFO] Login exitoso - [object Object]
[2025-04-11 20:58:48] [INFO] Obteniendo estadísticas del dashboard 
[2025-04-11 20:58:48] [INFO] Estadísticas obtenidas exitosamente 
[2025-04-11 20:58:49] [ERROR] Error al obtener vehículos - Unknown column 'dv.no_chasis' in 'field list'
[2025-04-11 20:58:56] [ERROR] Error al obtener vehículos - Unknown column 'dv.no_chasis' in 'field list'
[2025-04-11 20:59:04] [INFO] Obteniendo estadísticas del dashboard 
[2025-04-11 20:59:04] [INFO] Estadísticas obtenidas exitosamente 
[2025-04-11 20:59:04] [INFO] Sesión cerrada exitosamente 
[2025-04-11 20:59:04] [INFO] Sesión cerrada exitosamente 
[2025-04-11 20:59:07] [ERROR] Error al obtener vehículos - Unknown column 'dv.no_chasis' in 'field list'
[2025-04-11 21:01:12] [INFO] Vehículos obtenidos exitosamente - Total: 20
[2025-04-11 21:01:16] [INFO] Vehículos obtenidos exitosamente - Total: 20
[2025-04-11 21:01:17] [INFO] Vehículos obtenidos exitosamente - Total: 20
[2025-04-11 21:01:19] [INFO] Vehículos obtenidos exitosamente - Total: 20
[2025-04-11 21:01:22] [INFO] Vehículos obtenidos exitosamente - Total: 20
[2025-04-11 21:01:26] [INFO] Vehículos obtenidos exitosamente - Total: 20
[2025-04-11 21:01:55] [INFO] Vehículos obtenidos exitosamente - Total: 20
[2025-04-11 21:02:42] [INFO] Vehículos obtenidos exitosamente - Total: 20
[2025-04-11 21:02:43] [INFO] Vehículos obtenidos exitosamente - Total: 20
[2025-04-11 21:02:45] [INFO] Vehículos obtenidos exitosamente - Total: 20
[2025-04-11 21:02:46] [INFO] Vehículos obtenidos exitosamente - Total: 20
[2025-04-11 21:02:50] [INFO] Vehículos obtenidos exitosamente - Total: 20
[2025-04-11 21:02:54] [INFO] Intento de login - [object Object]
[2025-04-11 21:02:54] [INFO] Búsqueda de usuario - [object Object]
[2025-04-11 21:02:54] [INFO] Verificación de contraseña - [object Object]
[2025-04-11 21:02:54] [INFO] Login exitoso - [object Object]
[2025-04-11 21:02:54] [INFO] Obteniendo estadísticas del dashboard 
[2025-04-11 21:02:54] [INFO] Estadísticas obtenidas exitosamente 
[2025-04-11 21:03:14] [INFO] Intento de login - [object Object]
[2025-04-11 21:03:14] [INFO] Búsqueda de usuario - [object Object]
[2025-04-11 21:03:14] [INFO] Verificación de contraseña - [object Object]
[2025-04-11 21:03:14] [INFO] Login exitoso - [object Object]
[2025-04-11 21:03:14] [INFO] Obteniendo estadísticas del dashboard 
[2025-04-11 21:03:14] [INFO] Estadísticas obtenidas exitosamente 
[2025-04-11 21:03:15] [INFO] Vehículos obtenidos exitosamente - Total: 20
[2025-04-11 21:03:15] [INFO] Vehículos obtenidos exitosamente - Total: 20
[2025-04-11 21:03:19] [INFO] Obteniendo estadísticas del dashboard 
[2025-04-11 21:03:19] [INFO] Estadísticas obtenidas exitosamente 
[2025-04-11 21:03:49] [INFO] Vehículos obtenidos exitosamente - Total: 20
[2025-04-11 21:03:49] [INFO] Vehículos obtenidos exitosamente - Total: 20
[2025-04-11 21:06:04] [INFO] Obteniendo estadísticas del dashboard 
[2025-04-11 21:06:04] [INFO] Estadísticas obtenidas exitosamente 
[2025-04-11 21:06:09] [INFO] Obteniendo estadísticas del dashboard 
[2025-04-11 21:06:09] [INFO] Estadísticas obtenidas exitosamente 
[2025-04-11 21:06:11] [INFO] Obteniendo estadísticas del dashboard 
[2025-04-11 21:06:11] [INFO] Estadísticas obtenidas exitosamente 
[2025-04-11 21:06:11] [INFO] Obteniendo estadísticas del dashboard 
[2025-04-11 21:06:11] [INFO] Estadísticas obtenidas exitosamente 
[2025-04-11 21:06:12] [INFO] Sesión cerrada exitosamente 
[2025-04-11 21:06:12] [INFO] Sesión cerrada exitosamente 
[2025-04-11 21:06:15] [INFO] Vehículos obtenidos exitosamente - Total: 20
[2025-04-11 21:06:17] [INFO] Vehículos obtenidos exitosamente - Total: 20
[2025-04-11 21:06:18] [INFO] Vehículos obtenidos exitosamente - Total: 20
[2025-04-11 21:06:19] [INFO] Vehículos obtenidos exitosamente - Total: 20
[2025-04-11 21:06:20] [INFO] Vehículos obtenidos exitosamente - Total: 20
[2025-04-11 21:06:27] [INFO] Vehículos obtenidos exitosamente - Total: 20
[2025-04-11 21:06:28] [INFO] Vehículo obtenido exitosamente - ID: 2
[2025-04-11 21:06:35] [INFO] Vehículos obtenidos exitosamente - Total: 20
[2025-04-11 21:06:35] [INFO] Vehículos obtenidos exitosamente - Total: 20
[2025-04-11 21:07:23] [INFO] Intento de login - [object Object]
[2025-04-11 21:07:23] [INFO] Intento de login - [object Object]
[2025-04-11 21:07:23] [INFO] Búsqueda de usuario - [object Object]
[2025-04-11 21:07:23] [INFO] Búsqueda de usuario - [object Object]
[2025-04-11 21:07:23] [INFO] Verificación de contraseña - [object Object]
[2025-04-11 21:07:23] [INFO] Login exitoso - [object Object]
[2025-04-11 21:07:23] [INFO] Verificación de contraseña - [object Object]
[2025-04-11 21:07:23] [INFO] Login exitoso - [object Object]
[2025-04-11 21:07:37] [INFO] Sesión cerrada exitosamente 
[2025-04-11 21:07:40] [INFO] Vehículos obtenidos exitosamente - Total: 20
[2025-04-11 21:07:41] [INFO] Vehículos obtenidos exitosamente - Total: 20
[2025-04-11 21:07:45] [INFO] Intento de login - [object Object]
[2025-04-11 21:07:45] [INFO] Intento de login - [object Object]
[2025-04-11 21:07:45] [INFO] Búsqueda de usuario - [object Object]
[2025-04-11 21:07:45] [INFO] Búsqueda de usuario - [object Object]
[2025-04-11 21:07:45] [INFO] Verificación de contraseña - [object Object]
[2025-04-11 21:07:45] [INFO] Login exitoso - [object Object]
[2025-04-11 21:07:45] [INFO] Verificación de contraseña - [object Object]
[2025-04-11 21:07:45] [INFO] Login exitoso - [object Object]
[2025-04-11 21:07:49] [INFO] Obteniendo estadísticas del dashboard 
[2025-04-11 21:07:49] [INFO] Estadísticas obtenidas exitosamente 
[2025-04-11 21:08:00] [INFO] Obteniendo estadísticas del dashboard 
[2025-04-11 21:08:00] [INFO] Estadísticas obtenidas exitosamente 
[2025-04-11 21:08:01] [INFO] Vehículos obtenidos exitosamente - Total: 20
[2025-04-11 21:08:01] [INFO] Vehículos obtenidos exitosamente - Total: 20
[2025-04-11 21:08:51] [INFO] Vehículos obtenidos exitosamente - Total: 20
[2025-04-11 21:08:52] [INFO] Vehículos obtenidos exitosamente - Total: 20
[2025-04-11 21:10:37] [INFO] Vehículos obtenidos exitosamente - Total: 20
[2025-04-11 21:10:37] [INFO] Vehículos obtenidos exitosamente - Total: 20
[2025-04-11 21:10:58] [INFO] Vehículos obtenidos exitosamente - Total: 20
[2025-04-11 21:10:58] [INFO] Vehículos obtenidos exitosamente - Total: 20
[2025-04-11 21:13:30] [INFO] Vehículos obtenidos exitosamente - Total: 20
[2025-04-11 21:13:30] [INFO] Vehículos obtenidos exitosamente - Total: 20
[2025-04-11 21:13:43] [INFO] Vehículos obtenidos exitosamente - Total: 20
[2025-04-11 21:13:43] [INFO] Vehículos obtenidos exitosamente - Total: 20
[2025-04-11 21:14:56] [INFO] Vehículos obtenidos exitosamente - Total: 20
[2025-04-11 21:14:56] [INFO] Vehículos obtenidos exitosamente - Total: 20
[2025-04-11 21:14:58] [INFO] Vehículos obtenidos exitosamente - Total: 20
[2025-04-11 21:14:58] [INFO] Vehículos obtenidos exitosamente - Total: 20
[2025-04-11 21:15:19] [INFO] Obteniendo estadísticas del dashboard 
[2025-04-11 21:15:19] [INFO] Estadísticas obtenidas exitosamente 
[2025-04-11 21:15:29] [INFO] Vehículos obtenidos exitosamente - Total: 20
[2025-04-11 21:15:31] [INFO] Vehículos obtenidos exitosamente - Total: 20
[2025-04-11 21:15:41] [INFO] Vehículos obtenidos exitosamente - Total: 20
[2025-04-11 21:15:42] [INFO] Vehículos obtenidos exitosamente - Total: 20
[2025-04-11 21:15:45] [INFO] Vehículos obtenidos exitosamente - Total: 20
[2025-04-11 21:15:50] [INFO] Vehículos obtenidos exitosamente - Total: 20
[2025-04-11 21:15:55] [INFO] Vehículos obtenidos exitosamente - Total: 20
[2025-04-11 21:16:18] [INFO] Vehículos obtenidos exitosamente - Total: 20
[2025-04-11 21:16:20] [INFO] Vehículos obtenidos exitosamente - Total: 20
[2025-04-11 21:16:29] [INFO] Vehículos obtenidos exitosamente - Total: 20
[2025-04-11 21:16:29] [INFO] Obteniendo estadísticas del dashboard 
[2025-04-11 21:16:29] [INFO] Estadísticas obtenidas exitosamente 
[2025-04-11 21:16:31] [INFO] Sesión cerrada exitosamente 
[2025-04-11 21:16:31] [INFO] Sesión cerrada exitosamente 
[2025-04-11 21:16:33] [INFO] Vehículos obtenidos exitosamente - Total: 20
[2025-04-11 21:17:49] [INFO] Vehículos obtenidos exitosamente - Total: 20
[2025-04-11 21:17:54] [INFO] Intento de login - [object Object]
[2025-04-11 21:17:54] [INFO] Intento de login - [object Object]
[2025-04-11 21:17:54] [INFO] Búsqueda de usuario - [object Object]
[2025-04-11 21:17:54] [INFO] Búsqueda de usuario - [object Object]
[2025-04-11 21:17:54] [INFO] Verificación de contraseña - [object Object]
[2025-04-11 21:17:54] [INFO] Login exitoso - [object Object]
[2025-04-11 21:17:54] [INFO] Verificación de contraseña - [object Object]
[2025-04-11 21:17:54] [INFO] Login exitoso - [object Object]
[2025-04-11 21:17:57] [INFO] Obteniendo estadísticas del dashboard 
[2025-04-11 21:17:57] [INFO] Estadísticas obtenidas exitosamente 
[2025-04-11 21:17:58] [INFO] Vehículos obtenidos exitosamente - Total: 20
[2025-04-11 21:17:58] [INFO] Vehículos obtenidos exitosamente - Total: 20
[2025-04-11 21:18:39] [INFO] Obteniendo estadísticas del dashboard 
[2025-04-11 21:18:39] [INFO] Estadísticas obtenidas exitosamente 
[2025-04-11 21:21:29] [INFO] Vehículos obtenidos exitosamente - Total: 20
[2025-04-11 21:21:30] [INFO] Vehículos obtenidos exitosamente - Total: 20
[2025-04-11 21:23:43] [INFO] Vehículos obtenidos exitosamente - Total: 20
[2025-04-11 21:24:03] [INFO] Vehículos obtenidos exitosamente - Total: 20
[2025-04-11 21:24:07] [INFO] Vehículos obtenidos exitosamente - Total: 20
[2025-04-11 21:24:58] [INFO] Vehículos obtenidos exitosamente - Total: 20
[2025-04-11 21:25:00] [INFO] Vehículos obtenidos exitosamente - Total: 20
[2025-04-11 21:25:01] [INFO] Vehículos obtenidos exitosamente - Total: 20
[2025-04-11 21:25:01] [INFO] Vehículos obtenidos exitosamente - Total: 20
[2025-04-11 21:25:02] [INFO] Vehículos obtenidos exitosamente - Total: 20
[2025-04-11 21:25:06] [INFO] Vehículos obtenidos exitosamente - Total: 20
[2025-04-11 21:25:06] [INFO] Vehículos obtenidos exitosamente - Total: 20
[2025-04-11 21:25:06] [INFO] Vehículos obtenidos exitosamente - Total: 20
[2025-04-11 21:25:07] [INFO] Vehículos obtenidos exitosamente - Total: 20
[2025-04-11 21:30:29] [INFO] Vehículos obtenidos exitosamente - Total: 20
[2025-04-11 21:31:16] [INFO] Vehículos obtenidos exitosamente - Total: 20
[2025-04-11 21:31:26] [INFO] Vehículos obtenidos exitosamente - Total: 20
[2025-04-11 21:31:44] [INFO] Vehículos obtenidos exitosamente - Total: 20
[2025-04-11 21:32:10] [INFO] Vehículos obtenidos exitosamente - Total: 20
[2025-04-11 21:32:16] [INFO] Vehículos obtenidos exitosamente - Total: 20
[2025-04-11 21:32:19] [INFO] Vehículos obtenidos exitosamente - Total: 20
[2025-04-11 21:32:47] [INFO] Obteniendo estadísticas del dashboard 
[2025-04-11 21:32:47] [INFO] Estadísticas obtenidas exitosamente 
[2025-04-11 21:32:49] [INFO] Vehículos obtenidos exitosamente - Total: 20
[2025-04-11 21:33:29] [INFO] Vehículos obtenidos exitosamente - Total: 20
[2025-04-11 21:33:31] [INFO] Obteniendo estadísticas del dashboard 
[2025-04-11 21:33:31] [INFO] Estadísticas obtenidas exitosamente 
[2025-04-11 21:33:41] [INFO] Obteniendo estadísticas del dashboard 
[2025-04-11 21:33:41] [INFO] Estadísticas obtenidas exitosamente 
[2025-04-11 21:33:42] [INFO] Vehículos obtenidos exitosamente - Total: 20
[2025-04-11 21:33:56] [INFO] Obteniendo estadísticas del dashboard 
[2025-04-11 21:33:56] [INFO] Estadísticas obtenidas exitosamente 
[2025-04-11 21:33:57] [INFO] Sesión cerrada exitosamente 
[2025-04-11 21:33:57] [INFO] Sesión cerrada exitosamente 
[2025-04-11 21:34:02] [INFO] Sesión cerrada exitosamente 
[2025-04-11 21:34:02] [INFO] Sesión cerrada exitosamente 
[2025-04-11 21:34:04] [INFO] Sesión cerrada exitosamente 
[2025-04-11 21:34:04] [INFO] Sesión cerrada exitosamente 
[2025-04-11 21:34:05] [INFO] Vehículos obtenidos exitosamente - Total: 20
[2025-04-11 21:34:11] [INFO] Vehículos obtenidos exitosamente - Total: 20
[2025-04-11 21:34:19] [INFO] Intento de login - [object Object]
[2025-04-11 21:34:19] [INFO] Intento de login - [object Object]
[2025-04-11 21:34:19] [INFO] Búsqueda de usuario - [object Object]
[2025-04-11 21:34:19] [INFO] Búsqueda de usuario - [object Object]
[2025-04-11 21:34:19] [INFO] Verificación de contraseña - [object Object]
[2025-04-11 21:34:19] [INFO] Login exitoso - [object Object]
[2025-04-11 21:34:19] [INFO] Verificación de contraseña - [object Object]
[2025-04-11 21:34:19] [INFO] Login exitoso - [object Object]
[2025-04-11 21:34:22] [INFO] Obteniendo estadísticas del dashboard 
[2025-04-11 21:34:22] [INFO] Estadísticas obtenidas exitosamente 
[2025-04-11 21:35:34] [INFO] Obteniendo estadísticas del dashboard 
[2025-04-11 21:35:34] [INFO] Estadísticas obtenidas exitosamente 
[2025-04-11 21:35:35] [INFO] Vehículos obtenidos exitosamente - Total: 20
[2025-04-11 21:35:37] [INFO] Vehículos obtenidos exitosamente - Total: 20
[2025-04-11 21:37:07] [INFO] Obteniendo estadísticas del dashboard 
[2025-04-11 21:37:07] [INFO] Estadísticas obtenidas exitosamente 
[2025-04-11 21:37:14] [INFO] Vehículos obtenidos exitosamente - Total: 20
[2025-04-11 21:45:45] [INFO] Vehículos obtenidos exitosamente - Total: 20
[2025-04-11 21:49:40] [INFO] Vehículos obtenidos exitosamente - Total: 20
[2025-04-11 21:49:42] [INFO] Vehículos obtenidos exitosamente - Total: 20
[2025-04-11 21:49:46] [INFO] Vehículos obtenidos exitosamente - Total: 20
[2025-04-11 21:50:16] [INFO] Vehículos obtenidos exitosamente - Total: 20
[2025-04-11 21:51:22] [INFO] Vehículos obtenidos exitosamente - Total: 20
[2025-04-11 21:52:05] [INFO] Vehículos obtenidos exitosamente - Total: 20
[2025-04-11 21:52:15] [INFO] Obteniendo estadísticas del dashboard 
[2025-04-11 21:52:15] [INFO] Estadísticas obtenidas exitosamente 
[2025-04-11 21:52:21] [INFO] Obteniendo estadísticas del dashboard 
[2025-04-11 21:52:21] [INFO] Estadísticas obtenidas exitosamente 
[2025-04-11 21:52:37] [INFO] Sesión cerrada exitosamente 
[2025-04-11 21:52:40] [INFO] Intento de login - [object Object]
[2025-04-11 21:52:40] [INFO] Búsqueda de usuario - [object Object]
[2025-04-11 21:52:40] [INFO] Verificación de contraseña - [object Object]
[2025-04-11 21:52:40] [INFO] Login exitoso - [object Object]
[2025-04-11 21:52:40] [INFO] Obteniendo estadísticas del dashboard 
[2025-04-11 21:52:40] [INFO] Estadísticas obtenidas exitosamente 
[2025-04-11 21:52:42] [INFO] Obteniendo estadísticas del dashboard 
[2025-04-11 21:52:42] [INFO] Estadísticas obtenidas exitosamente 
[2025-04-11 21:52:43] [INFO] Vehículos obtenidos exitosamente - Total: 20
[2025-04-11 21:52:50] [INFO] Vehículos obtenidos exitosamente - Total: 20
[2025-04-11 21:52:52] [INFO] Vehículos obtenidos exitosamente - Total: 20
[2025-04-11 21:53:11] [INFO] Vehículos obtenidos exitosamente - Total: 20
[2025-04-11 21:53:12] [INFO] Vehículos obtenidos exitosamente - Total: 20
[2025-04-11 21:53:12] [INFO] Vehículos obtenidos exitosamente - Total: 20
[2025-04-11 21:53:12] [INFO] Vehículos obtenidos exitosamente - Total: 20
[2025-04-11 21:53:12] [INFO] Vehículos obtenidos exitosamente - Total: 20
[2025-04-11 21:53:14] [INFO] Obteniendo estadísticas del dashboard 
[2025-04-11 21:53:14] [INFO] Estadísticas obtenidas exitosamente 
[2025-04-11 21:53:15] [INFO] Sesión cerrada exitosamente 
[2025-04-11 21:53:15] [INFO] Sesión cerrada exitosamente 
[2025-04-11 21:53:17] [INFO] Vehículos obtenidos exitosamente - Total: 20
[2025-04-11 21:53:20] [INFO] Vehículos obtenidos exitosamente - Total: 20
[2025-04-11 21:53:21] [INFO] Vehículo obtenido exitosamente - ID: 2
[2025-04-11 21:53:22] [INFO] Vehículo obtenido exitosamente - ID: 3
[2025-04-11 21:53:24] [INFO] Vehículo obtenido exitosamente - ID: 6
[2025-04-11 21:56:10] [INFO] Intento de login - [object Object]
[2025-04-11 21:56:10] [INFO] Intento de login - [object Object]
[2025-04-11 21:56:10] [INFO] Búsqueda de usuario - [object Object]
[2025-04-11 21:56:10] [INFO] Búsqueda de usuario - [object Object]
[2025-04-11 21:56:11] [INFO] Verificación de contraseña - [object Object]
[2025-04-11 21:56:11] [INFO] Login exitoso - [object Object]
[2025-04-11 21:56:11] [INFO] Verificación de contraseña - [object Object]
[2025-04-11 21:56:11] [INFO] Login exitoso - [object Object]
[2025-04-11 21:56:14] [INFO] Vehículos obtenidos exitosamente - Total: 20
[2025-04-11 21:56:18] [INFO] Vehículos obtenidos exitosamente - Total: 20
[2025-04-11 21:56:23] [INFO] Obteniendo estadísticas del dashboard 
[2025-04-11 21:56:23] [INFO] Estadísticas obtenidas exitosamente 
[2025-04-11 21:56:25] [INFO] Vehículos obtenidos exitosamente - Total: 20
[2025-04-11 21:56:28] [INFO] Obteniendo estadísticas del dashboard 
[2025-04-11 21:56:28] [INFO] Estadísticas obtenidas exitosamente 
[2025-04-11 21:56:29] [INFO] Vehículos obtenidos exitosamente - Total: 20
[2025-04-11 21:56:30] [INFO] Obteniendo estadísticas del dashboard 
[2025-04-11 21:56:30] [INFO] Estadísticas obtenidas exitosamente 
[2025-04-11 21:56:35] [INFO] Obteniendo estadísticas del dashboard 
[2025-04-11 21:56:35] [INFO] Estadísticas obtenidas exitosamente 
[2025-04-11 21:56:49] [INFO] Obteniendo estadísticas del dashboard 
[2025-04-11 21:56:49] [INFO] Estadísticas obtenidas exitosamente 
[2025-04-11 21:56:51] [INFO] Obteniendo estadísticas del dashboard 
[2025-04-11 21:56:51] [INFO] Estadísticas obtenidas exitosamente 
[2025-04-11 21:56:52] [INFO] Vehículos obtenidos exitosamente - Total: 20
[2025-04-11 21:56:55] [INFO] Sesión cerrada exitosamente 
[2025-04-11 21:56:55] [INFO] Sesión cerrada exitosamente 
[2025-04-11 21:56:55] [INFO] Vehículos obtenidos exitosamente - Total: 20
[2025-04-11 21:57:03] [INFO] Intento de login - [object Object]
[2025-04-11 21:57:03] [INFO] Búsqueda de usuario - [object Object]
[2025-04-11 21:57:03] [INFO] Verificación de contraseña - [object Object]
[2025-04-11 21:57:03] [INFO] Login exitoso - [object Object]
[2025-04-11 21:57:03] [INFO] Obteniendo estadísticas del dashboard 
[2025-04-11 21:57:03] [INFO] Estadísticas obtenidas exitosamente 
[2025-04-11 21:57:04] [INFO] Vehículos obtenidos exitosamente - Total: 20
[2025-04-11 21:57:08] [INFO] Obteniendo estadísticas del dashboard 
[2025-04-11 21:57:08] [INFO] Estadísticas obtenidas exitosamente 
[2025-04-11 21:57:19] [INFO] Vehículos obtenidos exitosamente - Total: 20
[2025-04-11 21:58:21] [INFO] Vehículos obtenidos exitosamente - Total: 20
[2025-04-11 21:58:24] [INFO] Intento de login - [object Object]
[2025-04-11 21:58:24] [INFO] Búsqueda de usuario - [object Object]
[2025-04-11 21:58:24] [INFO] Verificación de contraseña - [object Object]
[2025-04-11 21:58:24] [INFO] Login exitoso - [object Object]
[2025-04-11 21:58:24] [INFO] Obteniendo estadísticas del dashboard 
[2025-04-11 21:58:24] [INFO] Estadísticas obtenidas exitosamente 
[2025-04-11 21:58:26] [INFO] Obteniendo estadísticas del dashboard 
[2025-04-11 21:58:26] [INFO] Estadísticas obtenidas exitosamente 
[2025-04-11 21:58:26] [INFO] Vehículos obtenidos exitosamente - Total: 20
[2025-04-11 21:58:29] [INFO] Obteniendo estadísticas del dashboard 
[2025-04-11 21:58:29] [INFO] Estadísticas obtenidas exitosamente 
[2025-04-11 21:58:30] [INFO] Obteniendo estadísticas del dashboard 
[2025-04-11 21:58:30] [INFO] Estadísticas obtenidas exitosamente 
[2025-04-11 21:58:32] [INFO] Obteniendo estadísticas del dashboard 
[2025-04-11 21:58:32] [INFO] Estadísticas obtenidas exitosamente 
[2025-04-11 21:58:33] [INFO] Sesión cerrada exitosamente 
[2025-04-11 21:58:33] [INFO] Sesión cerrada exitosamente 
[2025-04-11 21:58:33] [INFO] Vehículos obtenidos exitosamente - Total: 20
[2025-04-11 21:58:37] [INFO] Intento de login - [object Object]
[2025-04-11 21:58:37] [INFO] Búsqueda de usuario - [object Object]
[2025-04-11 21:58:37] [INFO] Verificación de contraseña - [object Object]
[2025-04-11 21:58:37] [INFO] Login exitoso - [object Object]
[2025-04-11 21:58:37] [INFO] Obteniendo estadísticas del dashboard 
[2025-04-11 21:58:37] [INFO] Estadísticas obtenidas exitosamente 
[2025-04-11 21:58:39] [INFO] Vehículos obtenidos exitosamente - Total: 20
[2025-04-11 21:58:42] [INFO] Obteniendo estadísticas del dashboard 
[2025-04-11 21:58:42] [INFO] Estadísticas obtenidas exitosamente 
[2025-04-11 21:58:56] [INFO] Vehículos obtenidos exitosamente - Total: 20
[2025-04-11 21:59:05] [INFO] Vehículos obtenidos exitosamente - Total: 20
[2025-04-11 21:59:18] [INFO] Vehículos obtenidos exitosamente - Total: 20
[2025-04-11 21:59:19] [INFO] Vehículos obtenidos exitosamente - Total: 20
[2025-04-11 22:00:25] [INFO] Vehículos obtenidos exitosamente - Total: 20
[2025-04-11 22:00:29] [INFO] Sesión cerrada exitosamente 
[2025-04-11 22:00:29] [INFO] Vehículos obtenidos exitosamente - Total: 20
[2025-04-11 22:00:32] [INFO] Vehículos obtenidos exitosamente - Total: 20
[2025-04-11 22:00:53] [INFO] Vehículos obtenidos exitosamente - Total: 20
[2025-04-11 22:01:18] [INFO] Vehículo obtenido exitosamente - ID: 12
[2025-04-11 22:01:38] [INFO] Intento de login - [object Object]
[2025-04-11 22:01:38] [INFO] Intento de login - [object Object]
[2025-04-11 22:01:38] [INFO] Búsqueda de usuario - [object Object]
[2025-04-11 22:01:38] [INFO] Búsqueda de usuario - [object Object]
[2025-04-11 22:01:38] [INFO] Verificación de contraseña - [object Object]
[2025-04-11 22:01:38] [INFO] Login exitoso - [object Object]
[2025-04-11 22:01:38] [INFO] Verificación de contraseña - [object Object]
[2025-04-11 22:01:38] [INFO] Login exitoso - [object Object]
[2025-04-11 22:01:45] [INFO] Obteniendo estadísticas del dashboard 
[2025-04-11 22:01:45] [INFO] Estadísticas obtenidas exitosamente 
[2025-04-11 22:01:50] [INFO] Vehículos obtenidos exitosamente - Total: 20
[2025-04-11 22:01:50] [INFO] Obteniendo estadísticas del dashboard 
[2025-04-11 22:01:50] [INFO] Estadísticas obtenidas exitosamente 
[2025-04-11 22:01:52] [INFO] Vehículos obtenidos exitosamente - Total: 20
[2025-04-11 22:02:25] [INFO] Vehículos obtenidos exitosamente - Total: 20
[2025-04-11 22:02:30] [INFO] Obteniendo estadísticas del dashboard 
[2025-04-11 22:02:30] [INFO] Estadísticas obtenidas exitosamente 
[2025-04-11 22:02:32] [INFO] Sesión cerrada exitosamente 
[2025-04-11 22:02:32] [INFO] Sesión cerrada exitosamente 
[2025-04-11 22:02:32] [INFO] Vehículos obtenidos exitosamente - Total: 20
[2025-04-11 22:02:41] [INFO] Vehículos obtenidos exitosamente - Total: 20
[2025-04-11 22:02:43] [INFO] Vehículos obtenidos exitosamente - Total: 20
[2025-04-11 22:02:48] [INFO] Intento de login - [object Object]
[2025-04-11 22:02:48] [INFO] Búsqueda de usuario - [object Object]
[2025-04-11 22:02:48] [INFO] Verificación de contraseña - [object Object]
[2025-04-11 22:02:48] [INFO] Login exitoso - [object Object]
[2025-04-11 22:02:48] [INFO] Obteniendo estadísticas del dashboard 
[2025-04-11 22:02:48] [INFO] Estadísticas obtenidas exitosamente 
[2025-04-11 22:02:51] [INFO] Vehículos obtenidos exitosamente - Total: 20
[2025-04-11 22:02:54] [INFO] Obteniendo estadísticas del dashboard 
[2025-04-11 22:02:54] [INFO] Estadísticas obtenidas exitosamente 
[2025-04-11 22:02:57] [INFO] Sesión cerrada exitosamente 
[2025-04-11 22:02:57] [INFO] Sesión cerrada exitosamente 
[2025-04-11 22:02:57] [INFO] Vehículos obtenidos exitosamente - Total: 20
[2025-04-11 22:03:02] [INFO] Intento de login - [object Object]
[2025-04-11 22:03:02] [INFO] Búsqueda de usuario - [object Object]
[2025-04-11 22:03:02] [INFO] Verificación de contraseña - [object Object]
[2025-04-11 22:03:02] [INFO] Login exitoso - [object Object]
[2025-04-11 22:03:02] [INFO] Obteniendo estadísticas del dashboard 
[2025-04-11 22:03:02] [INFO] Estadísticas obtenidas exitosamente 
[2025-04-11 22:03:03] [INFO] Vehículos obtenidos exitosamente - Total: 20
[2025-04-11 22:05:39] [INFO] Vehículos obtenidos exitosamente - Total: 20
[2025-04-11 22:05:52] [INFO] Obteniendo estadísticas del dashboard 
[2025-04-11 22:05:52] [INFO] Estadísticas obtenidas exitosamente 
[2025-04-11 22:05:53] [INFO] Vehículos obtenidos exitosamente - Total: 20
[2025-04-11 22:05:59] [INFO] Vehículos obtenidos exitosamente - Total: 20
[2025-04-11 22:06:11] [INFO] Vehículos obtenidos exitosamente - Total: 20
[2025-04-11 22:07:42] [INFO] Vehículos obtenidos exitosamente - Total: 20
[2025-04-11 22:07:49] [INFO] Obteniendo estadísticas del dashboard 
[2025-04-11 22:07:49] [INFO] Estadísticas obtenidas exitosamente 
[2025-04-11 22:14:36] [INFO] Obteniendo estadísticas del dashboard 
[2025-04-11 22:14:36] [INFO] Estadísticas obtenidas exitosamente 
[2025-04-11 22:14:39] [INFO] Vehículos obtenidos exitosamente - Total: 20
[2025-04-11 22:15:29] [INFO] Vehículos obtenidos exitosamente - Total: 20
[2025-04-11 22:17:17] [INFO] Vehículos obtenidos exitosamente - Total: 20
[2025-04-11 22:20:11] [INFO] Vehículos obtenidos exitosamente - Total: 20
[2025-04-11 22:20:50] [INFO] Vehículos obtenidos exitosamente - Total: 20
[2025-04-11 22:20:57] [INFO] Vehículos obtenidos exitosamente - Total: 20
[2025-04-11 22:20:59] [INFO] Obteniendo estadísticas del dashboard 
[2025-04-11 22:20:59] [INFO] Estadísticas obtenidas exitosamente 
[2025-04-11 22:21:06] [INFO] Vehículos obtenidos exitosamente - Total: 20
[2025-04-11 22:21:27] [INFO] Vehículos obtenidos exitosamente - Total: 20
[2025-04-11 22:21:29] [INFO] Vehículos obtenidos exitosamente - Total: 20
[2025-04-11 22:21:31] [INFO] Vehículos obtenidos exitosamente - Total: 20
[2025-04-11 22:22:52] [INFO] Vehículos obtenidos exitosamente - Total: 20
[2025-04-11 22:22:54] [INFO] Vehículos obtenidos exitosamente - Total: 20
[2025-04-11 22:22:59] [INFO] Vehículos obtenidos exitosamente - Total: 20
[2025-04-11 22:23:02] [INFO] Obteniendo estadísticas del dashboard 
[2025-04-11 22:23:02] [INFO] Estadísticas obtenidas exitosamente 
[2025-04-11 22:23:05] [INFO] Obteniendo estadísticas del dashboard 
[2025-04-11 22:23:05] [INFO] Estadísticas obtenidas exitosamente 
[2025-04-11 22:23:28] [INFO] Vehículos obtenidos exitosamente - Total: 20
[2025-04-11 22:23:31] [INFO] Sesión cerrada exitosamente 
[2025-04-11 22:23:31] [INFO] Vehículos obtenidos exitosamente - Total: 20
[2025-04-11 22:23:34] [INFO] Intento de login - [object Object]
[2025-04-11 22:23:34] [INFO] Búsqueda de usuario - [object Object]
[2025-04-11 22:23:34] [INFO] Verificación de contraseña - [object Object]
[2025-04-11 22:23:34] [INFO] Login exitoso - [object Object]
[2025-04-11 22:23:34] [INFO] Obteniendo estadísticas del dashboard 
[2025-04-11 22:23:34] [INFO] Estadísticas obtenidas exitosamente 
[2025-04-11 22:23:35] [INFO] Vehículos obtenidos exitosamente - Total: 20
[2025-04-11 22:23:37] [INFO] Vehículos obtenidos exitosamente - Total: 20
[2025-04-11 22:23:39] [INFO] Vehículos obtenidos exitosamente - Total: 20
[2025-04-11 22:24:11] [INFO] Vehículos obtenidos exitosamente - Total: 20
[2025-04-11 22:24:13] [INFO] Vehículo obtenido exitosamente - ID: 1
